#
# There is insufficient memory for the Java Runtime Environment to continue.
# Native memory allocation (malloc) failed to allocate 957392 bytes for Chunk::new
# Possible reasons:
#   The system is out of physical RAM or swap space
#   In 32 bit mode, the process size limit was hit
# Possible solutions:
#   Reduce memory load on the system
#   Increase physical memory or swap space
#   Check if swap backing store is full
#   Use 64 bit Java on a 64 bit OS
#   Decrease Java heap size (-Xmx/-Xms)
#   Decrease number of Java threads
#   Decrease Java thread stack sizes (-Xss)
#   Set larger code cache with -XX:ReservedCodeCacheSize=
# This output file may be truncated or incomplete.
#
#  Out of Memory Error (allocation.cpp:390), pid=27856, tid=0x0000000000005f60
#
# JRE version: OpenJDK Runtime Environment (8.0_152-b01) (build 1.8.0_152-release-1248-b01)
# Java VM: OpenJDK 64-Bit Server VM (25.152-b01 mixed mode windows-amd64 compressed oops)
# Failed to write core dump. Minidumps are not enabled by default on client versions of Windows
#

---------------  T H R E A D  ---------------

Current thread (0x0000000018fad000):  JavaThread "C2 CompilerThread0" daemon [_thread_in_native, id=24416, stack(0x0000000019620000,0x0000000019720000)]

Stack: [0x0000000019620000,0x0000000019720000]
[error occurred during error reporting (printing stack bounds), id 0xc0000005]

Native frames: (J=compiled Java code, j=interpreted, Vv=VM code, C=native code)


Current CompileTask:
C2:   7231 5951       4       java.io.WinNTFileSystem::normalize (143 bytes)


---------------  P R O C E S S  ---------------

Java Threads: ( => current thread )
  0x000000001db75000 JavaThread "Cache worker for Build Output Cleanup Cache (H:\Mix\TKU\Project\Product_Detector\AndroidStudioProjects\Product_Detector\.gradle\buildOutputCleanup)" [_thread_blocked, id=31616, stack(0x00000000257c0000,0x00000000258c0000)]
  0x000000001db73800 JavaThread "Cache worker for task history cache (H:\Mix\TKU\Project\Product_Detector\AndroidStudioProjects\Product_Detector\.gradle\4.10.1\taskHistory)" [_thread_blocked, id=13908, stack(0x00000000256c0000,0x00000000257c0000)]
  0x000000001db73000 JavaThread "Task worker for ':' Thread 7" [_thread_blocked, id=20632, stack(0x00000000255c0000,0x00000000256c0000)]
  0x000000001db74800 JavaThread "Task worker for ':' Thread 6" [_thread_blocked, id=20996, stack(0x00000000254c0000,0x00000000255c0000)]
  0x000000001db72000 JavaThread "Task worker for ':' Thread 5" [_thread_blocked, id=27124, stack(0x00000000253c0000,0x00000000254c0000)]
  0x000000001db6a800 JavaThread "Task worker for ':' Thread 4" [_thread_blocked, id=23488, stack(0x00000000252c0000,0x00000000253c0000)]
  0x000000001db71800 JavaThread "Task worker for ':' Thread 3" [_thread_blocked, id=25512, stack(0x00000000251c0000,0x00000000252c0000)]
  0x000000001db6a000 JavaThread "Task worker for ':' Thread 2" [_thread_blocked, id=23144, stack(0x00000000250c0000,0x00000000251c0000)]
  0x000000001db70800 JavaThread "Task worker for ':'" [_thread_blocked, id=9684, stack(0x0000000024d30000,0x0000000024e30000)]
  0x000000001db70000 JavaThread "Cache worker for file content cache (H:\Mix\TKU\Project\Product_Detector\AndroidStudioProjects\Product_Detector\.gradle\4.10.1\fileContent)" [_thread_blocked, id=30728, stack(0x0000000024c30000,0x0000000024d30000)]
  0x000000001db6f000 JavaThread "Cache worker for file content cache (C:\Users\get951753\.gradle\caches\4.10.1\fileContent)" [_thread_blocked, id=11500, stack(0x0000000024b30000,0x0000000024c30000)]
  0x000000001db67800 JavaThread "Memory manager" [_thread_blocked, id=24508, stack(0x0000000023a80000,0x0000000023b80000)]
  0x000000001db6c000 JavaThread "Build operations Thread 8" [_thread_in_vm, id=29884, stack(0x0000000023180000,0x0000000023280000)]
  0x000000001db6d000 JavaThread "Build operations Thread 7" [_thread_blocked, id=22588, stack(0x0000000023080000,0x0000000023180000)]
  0x000000001db67000 JavaThread "Build operations Thread 6" [_thread_blocked, id=28540, stack(0x0000000022f80000,0x0000000023080000)]
  0x000000001db68800 JavaThread "Build operations Thread 5" [_thread_blocked, id=31032, stack(0x0000000022e80000,0x0000000022f80000)]
  0x000000001db6d800 JavaThread "Build operations Thread 4" [_thread_blocked, id=24092, stack(0x0000000022d80000,0x0000000022e80000)]
  0x000000001db6b800 JavaThread "Build operations Thread 3" [_thread_blocked, id=31176, stack(0x0000000022c80000,0x0000000022d80000)]
  0x000000001b4cc800 JavaThread "Build operations Thread 2" [_thread_blocked, id=30904, stack(0x0000000022b80000,0x0000000022c80000)]
  0x000000001b4cc000 JavaThread "Build operations" [_thread_blocked, id=5504, stack(0x0000000022a80000,0x0000000022b80000)]
  0x000000001b4ca800 JavaThread "Cache worker for Artifact transforms cache (C:\Users\get951753\.gradle\caches\transforms-1)" [_thread_blocked, id=27416, stack(0x00000000224a0000,0x00000000225a0000)]
  0x000000001b4d1000 JavaThread "Cache worker for cache directory md-rule (C:\Users\get951753\.gradle\caches\4.10.1\md-rule)" [_thread_blocked, id=30040, stack(0x000000001ff30000,0x0000000020030000)]
  0x000000001b4d0800 JavaThread "Cache worker for cache directory md-supplier (C:\Users\get951753\.gradle\caches\4.10.1\md-supplier)" [_thread_blocked, id=13280, stack(0x000000001fb90000,0x000000001fc90000)]
  0x000000001b4cd800 JavaThread "Cache worker for journal cache (C:\Users\get951753\.gradle\caches\journal-1)" [_thread_blocked, id=31740, stack(0x000000001e8c0000,0x000000001e9c0000)]
  0x000000001b4cf000 JavaThread "Cache worker for file hash cache (H:\Mix\TKU\Project\Product_Detector\AndroidStudioProjects\Product_Detector\.gradle\4.10.1\fileHashes)" [_thread_blocked, id=26372, stack(0x000000001e7c0000,0x000000001e8c0000)]
  0x000000001b75d000 JavaThread "File lock request listener" [_thread_in_native, id=30492, stack(0x000000001d6f0000,0x000000001d7f0000)]
  0x000000001b387800 JavaThread "Cache worker for file hash cache (C:\Users\get951753\.gradle\caches\4.10.1\fileHashes)" [_thread_blocked, id=10500, stack(0x000000001d5f0000,0x000000001d6f0000)]
  0x000000001ae21000 JavaThread "Stdin handler" [_thread_blocked, id=27168, stack(0x000000001d1f0000,0x000000001d2f0000)]
  0x000000001ac0b800 JavaThread "Asynchronous log dispatcher for DefaultDaemonConnection: socket connection from /127.0.0.1:51409 to /127.0.0.1:51410" [_thread_in_vm, id=8648, stack(0x000000001d0f0000,0x000000001d1f0000)]
  0x000000001ae2f800 JavaThread "Daemon worker" [_thread_blocked, id=27548, stack(0x000000001cff0000,0x000000001d0f0000)]
  0x000000001ac0d800 JavaThread "Cancel handler" [_thread_blocked, id=21268, stack(0x000000001cef0000,0x000000001cff0000)]
  0x000000001b237000 JavaThread "Handler for socket connection from /127.0.0.1:51409 to /127.0.0.1:51410" [_thread_in_native, id=31520, stack(0x000000001cbf0000,0x000000001ccf0000)]
  0x000000001b234800 JavaThread "Daemon" [_thread_blocked, id=28568, stack(0x000000001caf0000,0x000000001cbf0000)]
  0x000000001b060800 JavaThread "Daemon periodic checks" [_thread_blocked, id=16012, stack(0x000000001c9f0000,0x000000001caf0000)]
  0x000000001b05f800 JavaThread "Incoming local TCP Connector on port 51409" [_thread_in_native, id=24144, stack(0x000000001c5c0000,0x000000001c6c0000)]
  0x0000000019028800 JavaThread "Service Thread" daemon [_thread_blocked, id=14372, stack(0x0000000019a20000,0x0000000019b20000)]
  0x0000000019007000 JavaThread "C1 CompilerThread3" daemon [_thread_blocked, id=13268, stack(0x0000000019920000,0x0000000019a20000)]
  0x0000000018fcc000 JavaThread "C2 CompilerThread2" daemon [_thread_in_native, id=22428, stack(0x0000000019820000,0x0000000019920000)]
  0x0000000018fb2800 JavaThread "C2 CompilerThread1" daemon [_thread_in_native, id=21608, stack(0x0000000019720000,0x0000000019820000)]
=>0x0000000018fad000 JavaThread "C2 CompilerThread0" daemon [_thread_in_native, id=24416, stack(0x0000000019620000,0x0000000019720000)]
  0x0000000018f58800 JavaThread "Attach Listener" daemon [_thread_blocked, id=21368, stack(0x0000000019520000,0x0000000019620000)]
  0x0000000018f57000 JavaThread "Signal Dispatcher" daemon [_thread_blocked, id=19744, stack(0x0000000019420000,0x0000000019520000)]
  0x0000000018f40800 JavaThread "Finalizer" daemon [_thread_blocked, id=29560, stack(0x0000000019320000,0x0000000019420000)]
  0x00000000031b6000 JavaThread "Reference Handler" daemon [_thread_blocked, id=31012, stack(0x0000000018e20000,0x0000000018f20000)]
  0x000000000326e000 JavaThread "main" [_thread_blocked, id=18868, stack(0x0000000002c10000,0x0000000002d10000)]

Other Threads:
  0x0000000017026800 VMThread [stack: 0x0000000018d20000,0x0000000018e20000] [id=14980]
  0x0000000019029000 WatcherThread [stack: 0x0000000019b20000,0x0000000019c20000] [id=29784]

VM state:not at safepoint (normal execution)

VM Mutex/Monitor currently owned by a thread: None

Heap:
 PSYoungGen      total 229888K, used 43123K [0x00000000e0000000, 0x00000000efa00000, 0x0000000100000000)
  eden space 211968K, 20% used [0x00000000e0000000,0x00000000e2a1cc88,0x00000000ecf00000)
  from space 17920K, 0% used [0x00000000ee580000,0x00000000ee580000,0x00000000ef700000)
  to   space 22016K, 0% used [0x00000000ecf00000,0x00000000ecf00000,0x00000000ee480000)
 ParOldGen       total 226816K, used 35593K [0x00000000a0000000, 0x00000000add80000, 0x00000000e0000000)
  object space 226816K, 15% used [0x00000000a0000000,0x00000000a22c2798,0x00000000add80000)
 Metaspace       used 58399K, capacity 59968K, committed 60160K, reserved 1101824K
  class space    used 7977K, capacity 8375K, committed 8448K, reserved 1048576K

Card table byte_map: [0x0000000012630000,0x0000000012940000] byte_map_base: 0x0000000012130000

Marking Bits: (ParMarkBitMap*) 0x000000005ad35aa0
 Begin Bits: [0x0000000013340000, 0x0000000014b40000)
 End Bits:   [0x0000000014b40000, 0x0000000016340000)

Polling page: 0x0000000001410000

CodeCache: size=245760Kb used=18082Kb max_used=18613Kb free=227677Kb
 bounds [0x0000000003270000, 0x00000000044c0000, 0x0000000012270000]
 total_blobs=6315 nmethods=5526 adapters=701
 compilation: enabled

Compilation events (10 events):
Event: 7.226 Thread 0x0000000019007000 6155   !   3       org.gradle.internal.operations.DefaultBuildOperationQueue::add (139 bytes)
Event: 7.227 Thread 0x0000000019007000 nmethod 6155 0x00000000040c94d0 code [0x00000000040c9760, 0x00000000040ca868]
Event: 7.228 Thread 0x0000000019007000 6158       1       com.google.common.cache.LocalCache$NullEntry::setPreviousInAccessQueue (1 bytes)
Event: 7.228 Thread 0x0000000019007000 nmethod 6158 0x00000000040dfa50 code [0x00000000040dfba0, 0x00000000040dfcb0]
Event: 7.228 Thread 0x0000000019007000 6157       1       com.google.common.cache.LocalCache$NullEntry::setNextInAccessQueue (1 bytes)
Event: 7.228 Thread 0x0000000019007000 nmethod 6157 0x0000000004109490 code [0x00000000041095e0, 0x00000000041096f0]
Event: 7.228 Thread 0x0000000019007000 6156       3       java.util.concurrent.LinkedBlockingQueue::dequeue (32 bytes)
Event: 7.228 Thread 0x0000000019007000 nmethod 6156 0x000000000408d110 code [0x000000000408d260, 0x000000000408d3f0]
Event: 7.228 Thread 0x0000000019007000 6152       3       java.util.ArrayDeque$DeqIterator::<init> (37 bytes)
Event: 7.228 Thread 0x0000000019007000 nmethod 6152 0x000000000408f850 code [0x000000000408f9c0, 0x000000000408fbb0]

GC Heap History (10 events):
Event: 3.825 GC heap before
{Heap before GC invocations=7 (full 1):
 PSYoungGen      total 138752K, used 17256K [0x00000000e0000000, 0x00000000e9e80000, 0x0000000100000000)
  eden space 128000K, 5% used [0x00000000e0000000,0x00000000e06615e0,0x00000000e7d00000)
  from space 10752K, 99% used [0x00000000e7d00000,0x00000000e8778d18,0x00000000e8780000)
  to   space 14336K, 0% used [0x00000000e9080000,0x00000000e9080000,0x00000000e9e80000)
 ParOldGen       total 113664K, used 11815K [0x00000000a0000000, 0x00000000a6f00000, 0x00000000e0000000)
  object space 113664K, 10% used [0x00000000a0000000,0x00000000a0b89c98,0x00000000a6f00000)
 Metaspace       used 34709K, capacity 35262K, committed 35416K, reserved 1079296K
  class space    used 4838K, capacity 5065K, committed 5120K, reserved 1048576K
Event: 3.831 GC heap after
Heap after GC invocations=7 (full 1):
 PSYoungGen      total 148480K, used 7748K [0x00000000e0000000, 0x00000000ef000000, 0x0000000100000000)
  eden space 134144K, 0% used [0x00000000e0000000,0x00000000e0000000,0x00000000e8300000)
  from space 14336K, 54% used [0x00000000e9080000,0x00000000e9811280,0x00000000e9e80000)
  to   space 13824K, 0% used [0x00000000e8300000,0x00000000e8300000,0x00000000e9080000)
 ParOldGen       total 113664K, used 11815K [0x00000000a0000000, 0x00000000a6f00000, 0x00000000e0000000)
  object space 113664K, 10% used [0x00000000a0000000,0x00000000a0b89c98,0x00000000a6f00000)
 Metaspace       used 34709K, capacity 35262K, committed 35416K, reserved 1079296K
  class space    used 4838K, capacity 5065K, committed 5120K, reserved 1048576K
}
Event: 3.831 GC heap before
{Heap before GC invocations=8 (full 2):
 PSYoungGen      total 148480K, used 7748K [0x00000000e0000000, 0x00000000ef000000, 0x0000000100000000)
  eden space 134144K, 0% used [0x00000000e0000000,0x00000000e0000000,0x00000000e8300000)
  from space 14336K, 54% used [0x00000000e9080000,0x00000000e9811280,0x00000000e9e80000)
  to   space 13824K, 0% used [0x00000000e8300000,0x00000000e8300000,0x00000000e9080000)
 ParOldGen       total 113664K, used 11815K [0x00000000a0000000, 0x00000000a6f00000, 0x00000000e0000000)
  object space 113664K, 10% used [0x00000000a0000000,0x00000000a0b89c98,0x00000000a6f00000)
 Metaspace       used 34709K, capacity 35262K, committed 35416K, reserved 1079296K
  class space    used 4838K, capacity 5065K, committed 5120K, reserved 1048576K
Event: 3.866 GC heap after
Heap after GC invocations=8 (full 2):
 PSYoungGen      total 148480K, used 0K [0x00000000e0000000, 0x00000000ef000000, 0x0000000100000000)
  eden space 134144K, 0% used [0x00000000e0000000,0x00000000e0000000,0x00000000e8300000)
  from space 14336K, 0% used [0x00000000e9080000,0x00000000e9080000,0x00000000e9e80000)
  to   space 13824K, 0% used [0x00000000e8300000,0x00000000e8300000,0x00000000e9080000)
 ParOldGen       total 154624K, used 14815K [0x00000000a0000000, 0x00000000a9700000, 0x00000000e0000000)
  object space 154624K, 9% used [0x00000000a0000000,0x00000000a0e77f88,0x00000000a9700000)
 Metaspace       used 34709K, capacity 35262K, committed 35416K, reserved 1079296K
  class space    used 4838K, capacity 5065K, committed 5120K, reserved 1048576K
}
Event: 5.084 GC heap before
{Heap before GC invocations=9 (full 2):
 PSYoungGen      total 148480K, used 134144K [0x00000000e0000000, 0x00000000ef000000, 0x0000000100000000)
  eden space 134144K, 100% used [0x00000000e0000000,0x00000000e8300000,0x00000000e8300000)
  from space 14336K, 0% used [0x00000000e9080000,0x00000000e9080000,0x00000000e9e80000)
  to   space 13824K, 0% used [0x00000000e8300000,0x00000000e8300000,0x00000000e9080000)
 ParOldGen       total 154624K, used 14815K [0x00000000a0000000, 0x00000000a9700000, 0x00000000e0000000)
  object space 154624K, 9% used [0x00000000a0000000,0x00000000a0e77f88,0x00000000a9700000)
 Metaspace       used 48030K, capacity 48982K, committed 49152K, reserved 1091584K
  class space    used 6510K, capacity 6830K, committed 6912K, reserved 1048576K
Event: 5.096 GC heap after
Heap after GC invocations=9 (full 2):
 PSYoungGen      total 147968K, used 13809K [0x00000000e0000000, 0x00000000ef700000, 0x0000000100000000)
  eden space 134144K, 0% used [0x00000000e0000000,0x00000000e0000000,0x00000000e8300000)
  from space 13824K, 99% used [0x00000000e8300000,0x00000000e907c5d8,0x00000000e9080000)
  to   space 17920K, 0% used [0x00000000ee580000,0x00000000ee580000,0x00000000ef700000)
 ParOldGen       total 154624K, used 18825K [0x00000000a0000000, 0x00000000a9700000, 0x00000000e0000000)
  object space 154624K, 12% used [0x00000000a0000000,0x00000000a12624e0,0x00000000a9700000)
 Metaspace       used 48030K, capacity 48982K, committed 49152K, reserved 1091584K
  class space    used 6510K, capacity 6830K, committed 6912K, reserved 1048576K
}
Event: 6.189 GC heap before
{Heap before GC invocations=10 (full 2):
 PSYoungGen      total 147968K, used 134072K [0x00000000e0000000, 0x00000000ef700000, 0x0000000100000000)
  eden space 134144K, 89% used [0x00000000e0000000,0x00000000e7571c90,0x00000000e8300000)
  from space 13824K, 99% used [0x00000000e8300000,0x00000000e907c5d8,0x00000000e9080000)
  to   space 17920K, 0% used [0x00000000ee580000,0x00000000ee580000,0x00000000ef700000)
 ParOldGen       total 154624K, used 18825K [0x00000000a0000000, 0x00000000a9700000, 0x00000000e0000000)
  object space 154624K, 12% used [0x00000000a0000000,0x00000000a12624e0,0x00000000a9700000)
 Metaspace       used 57379K, capacity 58960K, committed 59008K, reserved 1099776K
  class space    used 7873K, capacity 8303K, committed 8320K, reserved 1048576K
Event: 6.200 GC heap after
Heap after GC invocations=10 (full 2):
 PSYoungGen      total 229888K, used 17905K [0x00000000e0000000, 0x00000000efa00000, 0x0000000100000000)
  eden space 211968K, 0% used [0x00000000e0000000,0x00000000e0000000,0x00000000ecf00000)
  from space 17920K, 99% used [0x00000000ee580000,0x00000000ef6fc408,0x00000000ef700000)
  to   space 22016K, 0% used [0x00000000ecf00000,0x00000000ecf00000,0x00000000ee480000)
 ParOldGen       total 154624K, used 23117K [0x00000000a0000000, 0x00000000a9700000, 0x00000000e0000000)
  object space 154624K, 14% used [0x00000000a0000000,0x00000000a1693448,0x00000000a9700000)
 Metaspace       used 57379K, capacity 58960K, committed 59008K, reserved 1099776K
  class space    used 7873K, capacity 8303K, committed 8320K, reserved 1048576K
}
Event: 6.200 GC heap before
{Heap before GC invocations=11 (full 3):
 PSYoungGen      total 229888K, used 17905K [0x00000000e0000000, 0x00000000efa00000, 0x0000000100000000)
  eden space 211968K, 0% used [0x00000000e0000000,0x00000000e0000000,0x00000000ecf00000)
  from space 17920K, 99% used [0x00000000ee580000,0x00000000ef6fc408,0x00000000ef700000)
  to   space 22016K, 0% used [0x00000000ecf00000,0x00000000ecf00000,0x00000000ee480000)
 ParOldGen       total 154624K, used 23117K [0x00000000a0000000, 0x00000000a9700000, 0x00000000e0000000)
  object space 154624K, 14% used [0x00000000a0000000,0x00000000a1693448,0x00000000a9700000)
 Metaspace       used 57379K, capacity 58960K, committed 59008K, reserved 1099776K
  class space    used 7873K, capacity 8303K, committed 8320K, reserved 1048576K
Event: 6.350 GC heap after
Heap after GC invocations=11 (full 3):
 PSYoungGen      total 229888K, used 0K [0x00000000e0000000, 0x00000000efa00000, 0x0000000100000000)
  eden space 211968K, 0% used [0x00000000e0000000,0x00000000e0000000,0x00000000ecf00000)
  from space 17920K, 0% used [0x00000000ee580000,0x00000000ee580000,0x00000000ef700000)
  to   space 22016K, 0% used [0x00000000ecf00000,0x00000000ecf00000,0x00000000ee480000)
 ParOldGen       total 226816K, used 35593K [0x00000000a0000000, 0x00000000add80000, 0x00000000e0000000)
  object space 226816K, 15% used [0x00000000a0000000,0x00000000a22c2798,0x00000000add80000)
 Metaspace       used 57379K, capacity 58960K, committed 59008K, reserved 1099776K
  class space    used 7873K, capacity 8303K, committed 8320K, reserved 1048576K
}

Deoptimization events (10 events):
Event: 6.361 Thread 0x000000001db73000 Uncommon trap: reason=unstable_if action=reinterpret pc=0x0000000003f23f80 method=java.util.TreeMap.put(Ljava/lang/Object;Ljava/lang/Object;)Ljava/lang/Object; @ 163
Event: 6.476 Thread 0x000000001db73800 Uncommon trap: reason=unstable_if action=reinterpret pc=0x00000000040fe89c method=java.util.regex.Pattern$Curly.match0(Ljava/util/regex/Matcher;IILjava/lang/CharSequence;)Z @ 5
Event: 6.494 Thread 0x000000001db73000 Uncommon trap: reason=unstable_if action=reinterpret pc=0x000000000410f828 method=java.util.regex.Pattern$GroupTail.match(Ljava/util/regex/Matcher;ILjava/lang/CharSequence;)Z @ 73
Event: 6.499 Thread 0x000000001db73000 Uncommon trap: reason=unstable_if action=reinterpret pc=0x0000000004161a6c method=java.util.regex.Pattern.closure(Ljava/util/regex/Pattern$Node;)Ljava/util/regex/Pattern$Node; @ 113
Event: 6.798 Thread 0x000000001db68800 Uncommon trap: reason=unstable_if action=reinterpret pc=0x0000000003f78968 method=java.util.concurrent.ConcurrentHashMap.get(Ljava/lang/Object;)Ljava/lang/Object; @ 86
Event: 6.800 Thread 0x000000001db6b800 Uncommon trap: reason=unstable_if action=reinterpret pc=0x0000000003e06d10 method=java.util.concurrent.ConcurrentHashMap.putVal(Ljava/lang/Object;Ljava/lang/Object;Z)Ljava/lang/Object; @ 113
Event: 6.800 Thread 0x000000001db6b800 Uncommon trap: reason=unstable_if action=reinterpret pc=0x0000000003de08c4 method=java.util.concurrent.ConcurrentHashMap.addCount(JI)V @ 168
Event: 6.801 Thread 0x000000001db6c000 Uncommon trap: reason=unstable_if action=reinterpret pc=0x0000000003e06e08 method=java.util.concurrent.ConcurrentHashMap.addCount(JI)V @ 168
Event: 6.976 Thread 0x000000001b4cc800 Uncommon trap: reason=unstable_if action=reinterpret pc=0x0000000003d57bac method=com.esotericsoftware.kryo.io.Output.writeBytes([BII)V @ 61
Event: 7.137 Thread 0x000000001db73800 Uncommon trap: reason=unstable_if action=reinterpret pc=0x00000000040f9670 method=java.util.regex.Pattern$Curly.match0(Ljava/util/regex/Matcher;IILjava/lang/CharSequence;)Z @ 5

Classes redefined (0 events):
No events

Internal exceptions (10 events):
Event: 5.856 Thread 0x000000001ae2f800 Exception <a 'java/lang/NoSuchMethodError': java.lang.Object.lambda$static$0(Ljava/util/Set;Ljava/util/Set;)Z> (0x00000000e58606b8) thrown at [D:\src\AOSP-openjdk-cygwin\jdk8u\hotspot\src\share\vm\interpreter\linkResolver.cpp, line 584]
Event: 5.856 Thread 0x000000001ae2f800 Exception <a 'java/lang/NoSuchMethodError': java.lang.Object.lambda$static$1(Ljava/util/Set;Ljava/util/Set;)Z> (0x00000000e5863440) thrown at [D:\src\AOSP-openjdk-cygwin\jdk8u\hotspot\src\share\vm\interpreter\linkResolver.cpp, line 584]
Event: 5.856 Thread 0x000000001ae2f800 Exception <a 'java/lang/NoSuchMethodError': java.lang.Object.lambda$static$2(Ljava/util/Set;Ljava/util/Set;)Z> (0x00000000e5865d98) thrown at [D:\src\AOSP-openjdk-cygwin\jdk8u\hotspot\src\share\vm\interpreter\linkResolver.cpp, line 584]
Event: 5.857 Thread 0x000000001ae2f800 Exception <a 'java/lang/NoSuchMethodError': java.lang.Object.lambda$static$3(Ljava/util/Set;Ljava/util/Set;)Z> (0x00000000e58686f0) thrown at [D:\src\AOSP-openjdk-cygwin\jdk8u\hotspot\src\share\vm\interpreter\linkResolver.cpp, line 584]
Event: 6.182 Thread 0x000000001db73000 Exception <a 'java/lang/NoSuchMethodError': <clinit>> (0x00000000e74f3178) thrown at [D:\src\AOSP-openjdk-cygwin\jdk8u\hotspot\src\share\vm\prims\jni.cpp, line 1613]
Event: 6.183 Thread 0x000000001db73000 Exception <a 'java/lang/NoSuchMethodError': <clinit>> (0x00000000e74fe3f8) thrown at [D:\src\AOSP-openjdk-cygwin\jdk8u\hotspot\src\share\vm\prims\jni.cpp, line 1613]
Event: 6.385 Thread 0x000000001db73000 Exception <a 'java/lang/NoSuchMethodError': <clinit>> (0x00000000e012d538) thrown at [D:\src\AOSP-openjdk-cygwin\jdk8u\hotspot\src\share\vm\prims\jni.cpp, line 1613]
Event: 6.386 Thread 0x000000001db73000 Exception <a 'java/lang/NoSuchMethodError': <clinit>> (0x00000000e0140340) thrown at [D:\src\AOSP-openjdk-cygwin\jdk8u\hotspot\src\share\vm\prims\jni.cpp, line 1613]
Event: 6.386 Thread 0x000000001db73000 Exception <a 'java/lang/NoSuchMethodError': <clinit>> (0x00000000e0141bf0) thrown at [D:\src\AOSP-openjdk-cygwin\jdk8u\hotspot\src\share\vm\prims\jni.cpp, line 1613]
Event: 7.129 Thread 0x000000001db73000 Exception <a 'java/lang/NoSuchMethodError': <clinit>> (0x00000000e26c5bd0) thrown at [D:\src\AOSP-openjdk-cygwin\jdk8u\hotspot\src\share\vm\prims\jni.cpp, line 1613]

Events (10 events):
Event: 7.223 Thread 0x0000000019007000 flushing nmethod 0x0000000004109490
Event: 7.224 Thread 0x0000000019007000 flushing nmethod 0x0000000004120090
Event: 7.224 Thread 0x0000000019007000 flushing nmethod 0x0000000004134d90
Event: 7.224 Thread 0x0000000019007000 flushing nmethod 0x0000000004138e90
Event: 7.224 Thread 0x0000000019007000 flushing nmethod 0x000000000419dbd0
Event: 7.224 Thread 0x0000000019007000 flushing nmethod 0x000000000419f990
Event: 7.224 Thread 0x0000000019007000 flushing nmethod 0x000000000419fdd0
Event: 7.224 Thread 0x0000000019007000 flushing nmethod 0x00000000041ac690
Event: 7.229 Thread 0x000000001b4cc800 DEOPT PACKING pc=0x000000000432aa4d sp=0x0000000022c7e720
Event: 7.229 Thread 0x000000001b4cc800 DEOPT UNPACKING pc=0x00000000032b75d0 sp=0x0000000022c7e470 mode 0


Dynamic libraries:
0x00007ff720130000 - 0x00007ff720161000 	C:\Program Files\Android\Android Studio\jre\bin\java.exe
0x00007ffa6c620000 - 0x00007ffa6c7fb000 	C:\WINDOWS\SYSTEM32\ntdll.dll
0x00007ffa39480000 - 0x00007ffa39492000 	C:\Program Files\AVAST Software\Avast\aswhook.dll
0x00007ffa6c110000 - 0x00007ffa6c1be000 	C:\WINDOWS\System32\KERNEL32.DLL
0x00007ffa698d0000 - 0x00007ffa69b1a000 	C:\WINDOWS\System32\KERNELBASE.dll
0x00007ffa6bef0000 - 0x00007ffa6bf91000 	C:\WINDOWS\System32\ADVAPI32.dll
0x00007ffa69c40000 - 0x00007ffa69cdd000 	C:\WINDOWS\System32\msvcrt.dll
0x00007ffa69b80000 - 0x00007ffa69bd9000 	C:\WINDOWS\System32\sechost.dll
0x00007ffa69fc0000 - 0x00007ffa6a0e5000 	C:\WINDOWS\System32\RPCRT4.dll
0x00007ffa69e70000 - 0x00007ffa69fba000 	C:\WINDOWS\System32\USER32.dll
0x00007ffa69810000 - 0x00007ffa6982e000 	C:\WINDOWS\System32\win32u.dll
0x00007ffa6c280000 - 0x00007ffa6c2a7000 	C:\WINDOWS\System32\GDI32.dll
0x00007ffa68bf0000 - 0x00007ffa68d78000 	C:\WINDOWS\System32\gdi32full.dll
0x00007ffa69830000 - 0x00007ffa698ca000 	C:\WINDOWS\System32\msvcp_win.dll
0x00007ffa68d80000 - 0x00007ffa68e76000 	C:\WINDOWS\System32\ucrtbase.dll
0x00007ffa5bc80000 - 0x00007ffa5bee7000 	C:\WINDOWS\WinSxS\amd64_microsoft.windows.common-controls_6595b64144ccf1df_6.0.15063.1155_none_40c7922129a7722b\COMCTL32.dll
0x00007ffa6c320000 - 0x00007ffa6c619000 	C:\WINDOWS\System32\combase.dll
0x00007ffa69050000 - 0x00007ffa690ba000 	C:\WINDOWS\System32\bcryptPrimitives.dll
0x00007ffa6c1c0000 - 0x00007ffa6c1ed000 	C:\WINDOWS\System32\IMM32.DLL
0x000000005a3b0000 - 0x000000005a482000 	C:\Program Files\Android\Android Studio\jre\jre\bin\msvcr100.dll
0x000000005a570000 - 0x000000005adb1000 	C:\Program Files\Android\Android Studio\jre\jre\bin\server\jvm.dll
0x00007ffa69ce0000 - 0x00007ffa69ce8000 	C:\WINDOWS\System32\PSAPI.DLL
0x00007ffa58c00000 - 0x00007ffa58c09000 	C:\WINDOWS\SYSTEM32\WSOCK32.dll
0x00007ffa69e00000 - 0x00007ffa69e6c000 	C:\WINDOWS\System32\WS2_32.dll
0x00007ffa66ed0000 - 0x00007ffa66ef3000 	C:\WINDOWS\SYSTEM32\WINMM.dll
0x00007ffa67d70000 - 0x00007ffa67d7a000 	C:\WINDOWS\SYSTEM32\VERSION.dll
0x00007ffa66dc0000 - 0x00007ffa66deb000 	C:\WINDOWS\SYSTEM32\WINMMBASE.dll
0x00007ffa690c0000 - 0x00007ffa69109000 	C:\WINDOWS\System32\cfgmgr32.dll
0x00007ffa633e0000 - 0x00007ffa633ef000 	C:\Program Files\Android\Android Studio\jre\jre\bin\verify.dll
0x00007ffa61740000 - 0x00007ffa61769000 	C:\Program Files\Android\Android Studio\jre\jre\bin\java.dll
0x00007ffa616b0000 - 0x00007ffa616c6000 	C:\Program Files\Android\Android Studio\jre\jre\bin\zip.dll
0x00007ffa6a560000 - 0x00007ffa6b998000 	C:\WINDOWS\System32\SHELL32.dll
0x00007ffa69d50000 - 0x00007ffa69dfa000 	C:\WINDOWS\System32\shcore.dll
0x00007ffa69110000 - 0x00007ffa69801000 	C:\WINDOWS\System32\windows.storage.dll
0x00007ffa6c2c0000 - 0x00007ffa6c311000 	C:\WINDOWS\System32\shlwapi.dll
0x00007ffa68ab0000 - 0x00007ffa68ac1000 	C:\WINDOWS\System32\kernel.appcore.dll
0x00007ffa68ad0000 - 0x00007ffa68b1c000 	C:\WINDOWS\System32\powrprof.dll
0x00007ffa68a90000 - 0x00007ffa68aa5000 	C:\WINDOWS\System32\profapi.dll
0x00007ffa5ae80000 - 0x00007ffa5ae9a000 	C:\Program Files\Android\Android Studio\jre\jre\bin\net.dll
0x00007ffa683a0000 - 0x00007ffa683fc000 	C:\WINDOWS\system32\mswsock.dll
0x00007ffa5ad20000 - 0x00007ffa5ad31000 	C:\Program Files\Android\Android Studio\jre\jre\bin\nio.dll
0x00007ffa5a790000 - 0x00007ffa5a7ae000 	C:\Users\get951753\.gradle\native\25\windows-amd64\native-platform.dll
0x00007ffa62dc0000 - 0x00007ffa62dcd000 	C:\Program Files\Android\Android Studio\jre\jre\bin\management.dll
0x00007ffa68540000 - 0x00007ffa68557000 	C:\WINDOWS\SYSTEM32\CRYPTSP.dll
0x00007ffa67f60000 - 0x00007ffa67f94000 	C:\WINDOWS\system32\rsaenh.dll
0x00007ffa68650000 - 0x00007ffa68675000 	C:\WINDOWS\SYSTEM32\bcrypt.dll
0x00007ffa68990000 - 0x00007ffa689b9000 	C:\WINDOWS\SYSTEM32\USERENV.dll
0x00007ffa68560000 - 0x00007ffa6856b000 	C:\WINDOWS\SYSTEM32\CRYPTBASE.dll
0x00007ffa680e0000 - 0x00007ffa68117000 	C:\WINDOWS\SYSTEM32\IPHLPAPI.DLL
0x00007ffa6c2b0000 - 0x00007ffa6c2b8000 	C:\WINDOWS\System32\NSI.dll
0x00007ffa63d30000 - 0x00007ffa63d46000 	C:\WINDOWS\SYSTEM32\dhcpcsvc6.DLL
0x00007ffa63d10000 - 0x00007ffa63d2a000 	C:\WINDOWS\SYSTEM32\dhcpcsvc.DLL

VM Arguments:
jvm_args: -Xmx1536m -Dfile.encoding=x-windows-950 -Duser.country=TW -Duser.language=zh -Duser.variant 
java_command: org.gradle.launcher.daemon.bootstrap.GradleDaemon 4.10.1
java_class_path (initial): C:\Users\get951753\.gradle\wrapper\dists\gradle-4.10.1-all\455itskqi2qtf0v2sja68alqd\gradle-4.10.1\lib\gradle-launcher-4.10.1.jar
Launcher Type: SUN_STANDARD

Environment Variables:
PATH=C:\Program Files (x86)\Common Files\Oracle\Java\javapath;C:\Program Files\Python36\Scripts\;C:\Program Files\Python36\;C:\Users\get951753\Desktop\Mix\²H¦¿\²Õ»y\semu;C:\;sers\get951753\Desktop\Mix\²H¦¿\²Õ»y\fasmw172;C:\;rogram Files\Microsoft MPI\Bin\;C:\ProgramData\Oracle\Java\javapath;C:\WINDOWS\system32;C:\WINDOWS;C:\WINDOWS\System32\Wbem;C:\WINDOWS\System32\WindowsPowerShell\v1.0\;C:\Program Files\Microsoft SQL Server\130\Tools\Binn\;C:\Program Files\dotnet\;C:\Program Files (x86)\NVIDIA Corporation\PhysX\Common;C:\Program Files\Git\cmd;C:\Program Files\PuTTY\;c:\Program Files\Git\bin;C:\curl-7.64.0-win64-mingw;C:\WINDOWS\system32\config\systemprofile\.cargo\bin;C:\Program Files\nodejs\;C:\Users\get951753\.cargo\bin;C:\Users\get951753\AppData\Local\Microsoft\WindowsApps;C:\Program Files (x86)\gtk-3.8.1;C:\semu;C:\gtk-runtime;C:\Users\get951753\AppData\Local\GitHubDesktop\bin;C:\Users\get951753\AppData\Roaming\npm
USERNAME=get951753
OS=Windows_NT
PROCESSOR_IDENTIFIER=Intel64 Family 6 Model 58 Stepping 9, GenuineIntel



---------------  S Y S T E M  ---------------

OS: Windows 10.0 , 64 bit Build 15063 (10.0.15063.1058)

CPU:total 8 (initial active 8) (4 cores per cpu, 2 threads per core) family 6 model 58 stepping 9, cmov, cx8, fxsr, mmx, sse, sse2, sse3, ssse3, sse4.1, sse4.2, popcnt, avx, aes, clmul, erms, ht, tsc, tscinvbit, tscinv

Memory: 4k page, physical 16725676k(4225440k free), swap 27532464k(5516k free)

vm_info: OpenJDK 64-Bit Server VM (25.152-b01) for windows-amd64 JRE (1.8.0_152-release-1248-b01), built by "builder" with MS VC++ 10.0 (VS2010)

time: Tue Apr 09 00:24:25 2019
elapsed time: 7 seconds (0d 0h 0m 7s)

