#
# There is insufficient memory for the Java Runtime Environment to continue.
# Native memory allocation (malloc) failed to allocate 32744 bytes for ChunkPool::allocate
# Possible reasons:
#   The system is out of physical RAM or swap space
#   In 32 bit mode, the process size limit was hit
# Possible solutions:
#   Reduce memory load on the system
#   Increase physical memory or swap space
#   Check if swap backing store is full
#   Use 64 bit Java on a 64 bit OS
#   Decrease Java heap size (-Xmx/-Xms)
#   Decrease number of Java threads
#   Decrease Java thread stack sizes (-Xss)
#   Set larger code cache with -XX:ReservedCodeCacheSize=
# This output file may be truncated or incomplete.
#
#  Out of Memory Error (allocation.cpp:273), pid=30668, tid=0x0000000000002744
#
# JRE version: OpenJDK Runtime Environment (8.0_152-b01) (build 1.8.0_152-release-1248-b01)
# Java VM: OpenJDK 64-Bit Server VM (25.152-b01 mixed mode windows-amd64 compressed oops)
# Failed to write core dump. Minidumps are not enabled by default on client versions of Windows
#

---------------  T H R E A D  ---------------

Current thread (0x0000000018d44000):  JavaThread "C2 CompilerThread2" daemon [_thread_in_native, id=10052, stack(0x0000000019590000,0x0000000019690000)]

Stack: [0x0000000019590000,0x0000000019690000]
[error occurred during error reporting (printing stack bounds), id 0xc0000005]

Native frames: (J=compiled Java code, j=interpreted, Vv=VM code, C=native code)


Current CompileTask:
C2:   6793 6110       4       java.io.ObjectOutputStream::writeClassDesc (60 bytes)


---------------  P R O C E S S  ---------------

Java Threads: ( => current thread )
  0x000000001adaf000 JavaThread "Cache worker for Build Output Cleanup Cache (H:\Mix\TKU\Project\Product_Detector\AndroidStudioProjects\Product_Detector\.gradle\buildOutputCleanup)" [_thread_blocked, id=10964, stack(0x0000000025390000,0x0000000025490000)]
  0x000000001adae000 JavaThread "Cache worker for task history cache (H:\Mix\TKU\Project\Product_Detector\AndroidStudioProjects\Product_Detector\.gradle\4.10.1\taskHistory)" [_thread_blocked, id=21992, stack(0x0000000025290000,0x0000000025390000)]
  0x000000001b5cd000 JavaThread "Task worker for ':' Thread 7" [_thread_blocked, id=29680, stack(0x0000000025190000,0x0000000025290000)]
  0x000000001b5cb800 JavaThread "Task worker for ':' Thread 6" [_thread_blocked, id=9500, stack(0x0000000025090000,0x0000000025190000)]
  0x000000001b5cb000 JavaThread "Task worker for ':' Thread 5" [_thread_in_vm, id=13368, stack(0x0000000024f90000,0x0000000025090000)]
  0x000000001b5ca000 JavaThread "Task worker for ':' Thread 4" [_thread_blocked, id=17880, stack(0x0000000024e90000,0x0000000024f90000)]
  0x000000001b5cc800 JavaThread "Task worker for ':' Thread 3" [_thread_blocked, id=2668, stack(0x0000000024d90000,0x0000000024e90000)]
  0x000000001b5c9800 JavaThread "Task worker for ':' Thread 2" [_thread_blocked, id=31504, stack(0x0000000024c90000,0x0000000024d90000)]
  0x000000001b5c8000 JavaThread "Task worker for ':'" [_thread_blocked, id=2852, stack(0x0000000024970000,0x0000000024a70000)]
  0x000000001b5c8800 JavaThread "Cache worker for file content cache (H:\Mix\TKU\Project\Product_Detector\AndroidStudioProjects\Product_Detector\.gradle\4.10.1\fileContent)" [_thread_blocked, id=30776, stack(0x0000000024870000,0x0000000024970000)]
  0x000000001b5c7000 JavaThread "Cache worker for file content cache (C:\Users\get951753\.gradle\caches\4.10.1\fileContent)" [_thread_blocked, id=13540, stack(0x0000000024770000,0x0000000024870000)]
  0x000000001b5c6800 JavaThread "Memory manager" [_thread_blocked, id=18140, stack(0x0000000023460000,0x0000000023560000)]
  0x000000001b5c0800 JavaThread "Build operations Thread 8" [_thread_blocked, id=3556, stack(0x0000000022d60000,0x0000000022e60000)]
  0x000000001b5bf000 JavaThread "Build operations Thread 7" [_thread_blocked, id=29128, stack(0x0000000022c60000,0x0000000022d60000)]
  0x000000001b5c4000 JavaThread "Build operations Thread 6" [_thread_blocked, id=8668, stack(0x0000000022b60000,0x0000000022c60000)]
  0x000000001b5c5000 JavaThread "Build operations Thread 5" [_thread_blocked, id=3572, stack(0x0000000022a60000,0x0000000022b60000)]
  0x000000001b5c3800 JavaThread "Build operations Thread 4" [_thread_blocked, id=29792, stack(0x0000000022960000,0x0000000022a60000)]
  0x000000001b5bf800 JavaThread "Build operations Thread 3" [_thread_blocked, id=25768, stack(0x0000000022860000,0x0000000022960000)]
  0x000000001b5c2800 JavaThread "Build operations Thread 2" [_thread_blocked, id=29724, stack(0x0000000022760000,0x0000000022860000)]
  0x000000001b430000 JavaThread "Build operations" [_thread_blocked, id=24484, stack(0x0000000022660000,0x0000000022760000)]
  0x000000001b42f000 JavaThread "Cache worker for Artifact transforms cache (C:\Users\get951753\.gradle\caches\transforms-1)" [_thread_blocked, id=14592, stack(0x0000000021120000,0x0000000021220000)]
  0x000000001b42d000 JavaThread "Cache worker for cache directory md-rule (C:\Users\get951753\.gradle\caches\4.10.1\md-rule)" [_thread_blocked, id=19408, stack(0x0000000021020000,0x0000000021120000)]
  0x000000001b42c000 JavaThread "Cache worker for cache directory md-supplier (C:\Users\get951753\.gradle\caches\4.10.1\md-supplier)" [_thread_blocked, id=26864, stack(0x0000000020f20000,0x0000000021020000)]
  0x000000001b42e800 JavaThread "Cache worker for journal cache (C:\Users\get951753\.gradle\caches\journal-1)" [_thread_blocked, id=31304, stack(0x000000001e630000,0x000000001e730000)]
  0x000000001b42a000 JavaThread "Cache worker for file hash cache (H:\Mix\TKU\Project\Product_Detector\AndroidStudioProjects\Product_Detector\.gradle\4.10.1\fileHashes)" [_thread_blocked, id=9840, stack(0x000000001e530000,0x000000001e630000)]
  0x000000001b438000 JavaThread "File lock request listener" [_thread_in_native, id=9652, stack(0x000000001d460000,0x000000001d560000)]
  0x000000001a899800 JavaThread "Cache worker for file hash cache (C:\Users\get951753\.gradle\caches\4.10.1\fileHashes)" [_thread_blocked, id=24760, stack(0x000000001d360000,0x000000001d460000)]
  0x000000001a99b000 JavaThread "Stdin handler" [_thread_blocked, id=27296, stack(0x000000001cf60000,0x000000001d060000)]
  0x000000001a992800 JavaThread "Asynchronous log dispatcher for DefaultDaemonConnection: socket connection from /127.0.0.1:51500 to /127.0.0.1:51501" [_thread_blocked, id=28748, stack(0x000000001ce60000,0x000000001cf60000)]
  0x000000001a98e800 JavaThread "Daemon worker" [_thread_blocked, id=8696, stack(0x000000001cd60000,0x000000001ce60000)]
  0x000000001a9a7800 JavaThread "Cancel handler" [_thread_blocked, id=30840, stack(0x000000001cc60000,0x000000001cd60000)]
  0x000000001a64e800 JavaThread "Handler for socket connection from /127.0.0.1:51500 to /127.0.0.1:51501" [_thread_in_native, id=19216, stack(0x000000001c960000,0x000000001ca60000)]
  0x000000001ab5e000 JavaThread "Daemon" [_thread_blocked, id=27580, stack(0x000000001c860000,0x000000001c960000)]
  0x000000001ab59000 JavaThread "Daemon periodic checks" [_thread_blocked, id=22976, stack(0x000000001c760000,0x000000001c860000)]
  0x000000001acb1800 JavaThread "Incoming local TCP Connector on port 51500" [_thread_in_native, id=13336, stack(0x000000001c330000,0x000000001c430000)]
  0x0000000018db3000 JavaThread "Service Thread" daemon [_thread_blocked, id=27620, stack(0x0000000019790000,0x0000000019890000)]
  0x0000000018d77000 JavaThread "C1 CompilerThread3" daemon [_thread_in_native, id=8924, stack(0x0000000019690000,0x0000000019790000)]
=>0x0000000018d44000 JavaThread "C2 CompilerThread2" daemon [_thread_in_native, id=10052, stack(0x0000000019590000,0x0000000019690000)]
  0x0000000018d25800 JavaThread "C2 CompilerThread1" daemon [_thread_in_native, id=31636, stack(0x0000000019490000,0x0000000019590000)]
  0x0000000018d1e000 JavaThread "C2 CompilerThread0" daemon [_thread_in_native, id=25988, stack(0x0000000019390000,0x0000000019490000)]
  0x0000000018cc8800 JavaThread "Attach Listener" daemon [_thread_blocked, id=26772, stack(0x0000000019290000,0x0000000019390000)]
  0x0000000018cc7800 JavaThread "Signal Dispatcher" daemon [_thread_blocked, id=2244, stack(0x0000000019190000,0x0000000019290000)]
  0x0000000018cb0800 JavaThread "Finalizer" daemon [_thread_blocked, id=3456, stack(0x0000000019090000,0x0000000019190000)]
  0x0000000002fd6000 JavaThread "Reference Handler" daemon [_thread_blocked, id=29016, stack(0x0000000018b90000,0x0000000018c90000)]
  0x0000000002dde000 JavaThread "main" [_thread_blocked, id=7808, stack(0x0000000002de0000,0x0000000002ee0000)]

Other Threads:
  0x0000000016d96800 VMThread [stack: 0x0000000018a90000,0x0000000018b90000] [id=13064]
  0x0000000018db4000 WatcherThread [stack: 0x0000000019890000,0x0000000019990000] [id=16632]

VM state:not at safepoint (normal execution)

VM Mutex/Monitor currently owned by a thread: None

Heap:
 PSYoungGen      total 232448K, used 39625K [0x00000000e0000000, 0x00000000efc80000, 0x0000000100000000)
  eden space 214528K, 18% used [0x00000000e0000000,0x00000000e26b2538,0x00000000ed180000)
  from space 17920K, 0% used [0x00000000ee880000,0x00000000ee880000,0x00000000efa00000)
  to   space 22016K, 0% used [0x00000000ed180000,0x00000000ed180000,0x00000000ee700000)
 ParOldGen       total 218112K, used 35499K [0x00000000a0000000, 0x00000000ad500000, 0x00000000e0000000)
  object space 218112K, 16% used [0x00000000a0000000,0x00000000a22aad78,0x00000000ad500000)
 Metaspace       used 58177K, capacity 59800K, committed 60160K, reserved 1101824K
  class space    used 7939K, capacity 8361K, committed 8448K, reserved 1048576K

Card table byte_map: [0x00000000123a0000,0x00000000126b0000] byte_map_base: 0x0000000011ea0000

Marking Bits: (ParMarkBitMap*) 0x000000005ad35aa0
 Begin Bits: [0x00000000130b0000, 0x00000000148b0000)
 End Bits:   [0x00000000148b0000, 0x00000000160b0000)

Polling page: 0x00000000010a0000

CodeCache: size=245760Kb used=17753Kb max_used=18579Kb free=228006Kb
 bounds [0x0000000002fe0000, 0x0000000004210000, 0x0000000011fe0000]
 total_blobs=6281 nmethods=5492 adapters=701
 compilation: enabled

Compilation events (10 events):
Event: 6.790 Thread 0x0000000018d77000 nmethod 6122 0x00000000031dcb10 code [0x00000000031dcc60, 0x00000000031dcdb0]
Event: 6.790 Thread 0x0000000018d77000 6123       1       org.gradle.internal.MutableReference::get (5 bytes)
Event: 6.790 Thread 0x0000000018d77000 nmethod 6123 0x00000000031d9590 code [0x00000000031d96e0, 0x00000000031d97f0]
Event: 6.791 Thread 0x0000000018d77000 6124   !   3       org.gradle.launcher.daemon.server.exec.LogToClient$AsynchronousLogDispatcher::dispatchAsync (33 bytes)
Event: 6.791 Thread 0x0000000018d77000 nmethod 6124 0x0000000003b26a90 code [0x0000000003b26c40, 0x0000000003b27238]
Event: 6.791 Thread 0x0000000018d77000 6125       3       org.gradle.launcher.daemon.server.DefaultDaemonConnection::logEvent (27 bytes)
Event: 6.791 Thread 0x0000000018d77000 nmethod 6125 0x0000000003b26290 code [0x0000000003b26420, 0x0000000003b26898]
Event: 6.791 Thread 0x0000000018d77000 6126       3       org.gradle.launcher.daemon.protocol.OutputMessage::<init> (10 bytes)
Event: 6.791 Thread 0x0000000018d77000 nmethod 6126 0x00000000031dc610 code [0x00000000031dc780, 0x00000000031dc9b0]
Event: 6.791 Thread 0x0000000018d77000 6127       3       org.gradle.launcher.daemon.protocol.DaemonMessageSerializer$OutputMessageSerializer::write (10 bytes)

GC Heap History (10 events):
Event: 3.352 GC heap before
{Heap before GC invocations=7 (full 1):
 PSYoungGen      total 138240K, used 15513K [0x00000000e0000000, 0x00000000ea000000, 0x0000000100000000)
  eden space 127488K, 3% used [0x00000000e0000000,0x00000000e04abbb0,0x00000000e7c80000)
  from space 10752K, 99% used [0x00000000e7c80000,0x00000000e86faab8,0x00000000e8700000)
  to   space 14336K, 0% used [0x00000000e9200000,0x00000000e9200000,0x00000000ea000000)
 ParOldGen       total 113152K, used 12059K [0x00000000a0000000, 0x00000000a6e80000, 0x00000000e0000000)
  object space 113152K, 10% used [0x00000000a0000000,0x00000000a0bc6fd0,0x00000000a6e80000)
 Metaspace       used 34685K, capacity 35262K, committed 35416K, reserved 1079296K
  class space    used 4838K, capacity 5065K, committed 5120K, reserved 1048576K
Event: 3.358 GC heap after
Heap after GC invocations=7 (full 1):
 PSYoungGen      total 149504K, used 7670K [0x00000000e0000000, 0x00000000ef300000, 0x0000000100000000)
  eden space 135168K, 0% used [0x00000000e0000000,0x00000000e0000000,0x00000000e8400000)
  from space 14336K, 53% used [0x00000000e9200000,0x00000000e997da30,0x00000000ea000000)
  to   space 14336K, 0% used [0x00000000e8400000,0x00000000e8400000,0x00000000e9200000)
 ParOldGen       total 113152K, used 12067K [0x00000000a0000000, 0x00000000a6e80000, 0x00000000e0000000)
  object space 113152K, 10% used [0x00000000a0000000,0x00000000a0bc8fd0,0x00000000a6e80000)
 Metaspace       used 34685K, capacity 35262K, committed 35416K, reserved 1079296K
  class space    used 4838K, capacity 5065K, committed 5120K, reserved 1048576K
}
Event: 3.358 GC heap before
{Heap before GC invocations=8 (full 2):
 PSYoungGen      total 149504K, used 7670K [0x00000000e0000000, 0x00000000ef300000, 0x0000000100000000)
  eden space 135168K, 0% used [0x00000000e0000000,0x00000000e0000000,0x00000000e8400000)
  from space 14336K, 53% used [0x00000000e9200000,0x00000000e997da30,0x00000000ea000000)
  to   space 14336K, 0% used [0x00000000e8400000,0x00000000e8400000,0x00000000e9200000)
 ParOldGen       total 113152K, used 12067K [0x00000000a0000000, 0x00000000a6e80000, 0x00000000e0000000)
  object space 113152K, 10% used [0x00000000a0000000,0x00000000a0bc8fd0,0x00000000a6e80000)
 Metaspace       used 34685K, capacity 35262K, committed 35416K, reserved 1079296K
  class space    used 4838K, capacity 5065K, committed 5120K, reserved 1048576K
Event: 3.397 GC heap after
Heap after GC invocations=8 (full 2):
 PSYoungGen      total 149504K, used 0K [0x00000000e0000000, 0x00000000ef300000, 0x0000000100000000)
  eden space 135168K, 0% used [0x00000000e0000000,0x00000000e0000000,0x00000000e8400000)
  from space 14336K, 0% used [0x00000000e9200000,0x00000000e9200000,0x00000000ea000000)
  to   space 14336K, 0% used [0x00000000e8400000,0x00000000e8400000,0x00000000e9200000)
 ParOldGen       total 152064K, used 14711K [0x00000000a0000000, 0x00000000a9480000, 0x00000000e0000000)
  object space 152064K, 9% used [0x00000000a0000000,0x00000000a0e5dfb8,0x00000000a9480000)
 Metaspace       used 34685K, capacity 35262K, committed 35416K, reserved 1079296K
  class space    used 4838K, capacity 5065K, committed 5120K, reserved 1048576K
}
Event: 4.894 GC heap before
{Heap before GC invocations=9 (full 2):
 PSYoungGen      total 149504K, used 135168K [0x00000000e0000000, 0x00000000ef300000, 0x0000000100000000)
  eden space 135168K, 100% used [0x00000000e0000000,0x00000000e8400000,0x00000000e8400000)
  from space 14336K, 0% used [0x00000000e9200000,0x00000000e9200000,0x00000000ea000000)
  to   space 14336K, 0% used [0x00000000e8400000,0x00000000e8400000,0x00000000e9200000)
 ParOldGen       total 152064K, used 14711K [0x00000000a0000000, 0x00000000a9480000, 0x00000000e0000000)
  object space 152064K, 9% used [0x00000000a0000000,0x00000000a0e5dfb8,0x00000000a9480000)
 Metaspace       used 47863K, capacity 48746K, committed 49024K, reserved 1091584K
  class space    used 6472K, capacity 6752K, committed 6784K, reserved 1048576K
Event: 4.907 GC heap after
Heap after GC invocations=9 (full 2):
 PSYoungGen      total 149504K, used 14322K [0x00000000e0000000, 0x00000000efa00000, 0x0000000100000000)
  eden space 135168K, 0% used [0x00000000e0000000,0x00000000e0000000,0x00000000e8400000)
  from space 14336K, 99% used [0x00000000e8400000,0x00000000e91fc908,0x00000000e9200000)
  to   space 17920K, 0% used [0x00000000ee880000,0x00000000ee880000,0x00000000efa00000)
 ParOldGen       total 152064K, used 18490K [0x00000000a0000000, 0x00000000a9480000, 0x00000000e0000000)
  object space 152064K, 12% used [0x00000000a0000000,0x00000000a120eae8,0x00000000a9480000)
 Metaspace       used 47863K, capacity 48746K, committed 49024K, reserved 1091584K
  class space    used 6472K, capacity 6752K, committed 6784K, reserved 1048576K
}
Event: 6.098 GC heap before
{Heap before GC invocations=10 (full 2):
 PSYoungGen      total 149504K, used 133009K [0x00000000e0000000, 0x00000000efa00000, 0x0000000100000000)
  eden space 135168K, 87% used [0x00000000e0000000,0x00000000e73e7da8,0x00000000e8400000)
  from space 14336K, 99% used [0x00000000e8400000,0x00000000e91fc908,0x00000000e9200000)
  to   space 17920K, 0% used [0x00000000ee880000,0x00000000ee880000,0x00000000efa00000)
 ParOldGen       total 152064K, used 18490K [0x00000000a0000000, 0x00000000a9480000, 0x00000000e0000000)
  object space 152064K, 12% used [0x00000000a0000000,0x00000000a120eae8,0x00000000a9480000)
 Metaspace       used 57302K, capacity 58888K, committed 59008K, reserved 1099776K
  class space    used 7847K, capacity 8257K, committed 8320K, reserved 1048576K
Event: 6.113 GC heap after
Heap after GC invocations=10 (full 2):
 PSYoungGen      total 232448K, used 17904K [0x00000000e0000000, 0x00000000efc80000, 0x0000000100000000)
  eden space 214528K, 0% used [0x00000000e0000000,0x00000000e0000000,0x00000000ed180000)
  from space 17920K, 99% used [0x00000000ee880000,0x00000000ef9fc168,0x00000000efa00000)
  to   space 22016K, 0% used [0x00000000ed180000,0x00000000ed180000,0x00000000ee700000)
 ParOldGen       total 152064K, used 22759K [0x00000000a0000000, 0x00000000a9480000, 0x00000000e0000000)
  object space 152064K, 14% used [0x00000000a0000000,0x00000000a1639d30,0x00000000a9480000)
 Metaspace       used 57302K, capacity 58888K, committed 59008K, reserved 1099776K
  class space    used 7847K, capacity 8257K, committed 8320K, reserved 1048576K
}
Event: 6.113 GC heap before
{Heap before GC invocations=11 (full 3):
 PSYoungGen      total 232448K, used 17904K [0x00000000e0000000, 0x00000000efc80000, 0x0000000100000000)
  eden space 214528K, 0% used [0x00000000e0000000,0x00000000e0000000,0x00000000ed180000)
  from space 17920K, 99% used [0x00000000ee880000,0x00000000ef9fc168,0x00000000efa00000)
  to   space 22016K, 0% used [0x00000000ed180000,0x00000000ed180000,0x00000000ee700000)
 ParOldGen       total 152064K, used 22759K [0x00000000a0000000, 0x00000000a9480000, 0x00000000e0000000)
  object space 152064K, 14% used [0x00000000a0000000,0x00000000a1639d30,0x00000000a9480000)
 Metaspace       used 57302K, capacity 58888K, committed 59008K, reserved 1099776K
  class space    used 7847K, capacity 8257K, committed 8320K, reserved 1048576K
Event: 6.262 GC heap after
Heap after GC invocations=11 (full 3):
 PSYoungGen      total 232448K, used 0K [0x00000000e0000000, 0x00000000efc80000, 0x0000000100000000)
  eden space 214528K, 0% used [0x00000000e0000000,0x00000000e0000000,0x00000000ed180000)
  from space 17920K, 0% used [0x00000000ee880000,0x00000000ee880000,0x00000000efa00000)
  to   space 22016K, 0% used [0x00000000ed180000,0x00000000ed180000,0x00000000ee700000)
 ParOldGen       total 218112K, used 35499K [0x00000000a0000000, 0x00000000ad500000, 0x00000000e0000000)
  object space 218112K, 16% used [0x00000000a0000000,0x00000000a22aad78,0x00000000ad500000)
 Metaspace       used 57302K, capacity 58888K, committed 59008K, reserved 1099776K
  class space    used 7847K, capacity 8257K, committed 8320K, reserved 1048576K
}

Deoptimization events (10 events):
Event: 6.096 Thread 0x000000001b5cb000 Uncommon trap: reason=unstable_if action=reinterpret pc=0x0000000003e72330 method=com.sun.org.apache.xerces.internal.impl.XMLEntityScanner.scanContent(Lcom/sun/org/apache/xerces/internal/xni/XMLString;)I @ 163
Event: 6.263 Thread 0x000000001b5cb000 Uncommon trap: reason=unstable_if action=reinterpret pc=0x0000000003c7d234 method=java.util.TreeMap.put(Ljava/lang/Object;Ljava/lang/Object;)Ljava/lang/Object; @ 163
Event: 6.281 Thread 0x000000001adae000 Uncommon trap: reason=unstable_if action=reinterpret pc=0x0000000003e69058 method=java.util.regex.Pattern$Curly.match0(Ljava/util/regex/Matcher;IILjava/lang/CharSequence;)Z @ 5
Event: 6.296 Thread 0x000000001b5cb000 Uncommon trap: reason=unstable_if action=reinterpret pc=0x0000000003e71be8 method=java.util.regex.Pattern$GroupTail.match(Ljava/util/regex/Matcher;ILjava/lang/CharSequence;)Z @ 73
Event: 6.299 Thread 0x000000001b5cb000 Uncommon trap: reason=unstable_if action=reinterpret pc=0x0000000003cbf06c method=java.util.regex.Pattern.closure(Ljava/util/regex/Pattern$Node;)Ljava/util/regex/Pattern$Node; @ 113
Event: 6.381 Thread 0x000000001b430000 Uncommon trap: reason=unstable_if action=reinterpret pc=0x0000000003b46270 method=java.util.concurrent.ConcurrentHashMap.addCount(JI)V @ 110
Event: 6.395 Thread 0x000000001b5c4000 Uncommon trap: reason=unstable_if action=reinterpret pc=0x0000000003b3e174 method=java.util.concurrent.ConcurrentHashMap.addCount(JI)V @ 110
Event: 6.405 Thread 0x000000001b5bf800 Uncommon trap: reason=unstable_if action=reinterpret pc=0x000000000352b74c method=java.util.HashMap.hash(Ljava/lang/Object;)I @ 1
Event: 6.445 Thread 0x000000001b5cb000 Uncommon trap: reason=unstable_if action=reinterpret pc=0x0000000003473ecc method=java.util.concurrent.ConcurrentHashMap.transfer([Ljava/util/concurrent/ConcurrentHashMap$Node;[Ljava/util/concurrent/ConcurrentHashMap$Node;)V @ 34
Event: 6.448 Thread 0x000000001b5c2800 Uncommon trap: reason=unstable_if action=reinterpret pc=0x0000000003473efc method=java.util.concurrent.ConcurrentHashMap.transfer([Ljava/util/concurrent/ConcurrentHashMap$Node;[Ljava/util/concurrent/ConcurrentHashMap$Node;)V @ 277

Classes redefined (0 events):
No events

Internal exceptions (10 events):
Event: 5.798 Thread 0x000000001a98e800 Exception <a 'java/lang/NoSuchMethodError': java.lang.Object.lambda$static$1(Ljava/util/Set;Ljava/util/Set;)Z> (0x00000000e55763d8) thrown at [D:\src\AOSP-openjdk-cygwin\jdk8u\hotspot\src\share\vm\interpreter\linkResolver.cpp, line 584]
Event: 5.798 Thread 0x000000001a98e800 Exception <a 'java/lang/NoSuchMethodError': java.lang.Object.lambda$static$2(Ljava/util/Set;Ljava/util/Set;)Z> (0x00000000e5578d30) thrown at [D:\src\AOSP-openjdk-cygwin\jdk8u\hotspot\src\share\vm\interpreter\linkResolver.cpp, line 584]
Event: 5.798 Thread 0x000000001a98e800 Exception <a 'java/lang/NoSuchMethodError': java.lang.Object.lambda$static$3(Ljava/util/Set;Ljava/util/Set;)Z> (0x00000000e557b688) thrown at [D:\src\AOSP-openjdk-cygwin\jdk8u\hotspot\src\share\vm\interpreter\linkResolver.cpp, line 584]
Event: 6.086 Thread 0x000000001b5cb000 Exception <a 'java/lang/NoSuchMethodError': <clinit>> (0x00000000e7257868) thrown at [D:\src\AOSP-openjdk-cygwin\jdk8u\hotspot\src\share\vm\prims\jni.cpp, line 1613]
Event: 6.087 Thread 0x000000001b5cb000 Exception <a 'java/lang/NoSuchMethodError': <clinit>> (0x00000000e7262ae8) thrown at [D:\src\AOSP-openjdk-cygwin\jdk8u\hotspot\src\share\vm\prims\jni.cpp, line 1613]
Event: 6.271 Thread 0x000000001b5cb000 Exception <a 'java/lang/NoSuchMethodError': <clinit>> (0x00000000e007d078) thrown at [D:\src\AOSP-openjdk-cygwin\jdk8u\hotspot\src\share\vm\prims\jni.cpp, line 1613]
Event: 6.271 Thread 0x000000001b5cb000 Exception <a 'java/lang/NoSuchMethodError': <clinit>> (0x00000000e008fe80) thrown at [D:\src\AOSP-openjdk-cygwin\jdk8u\hotspot\src\share\vm\prims\jni.cpp, line 1613]
Event: 6.271 Thread 0x000000001b5cb000 Exception <a 'java/lang/NoSuchMethodError': <clinit>> (0x00000000e0091730) thrown at [D:\src\AOSP-openjdk-cygwin\jdk8u\hotspot\src\share\vm\prims\jni.cpp, line 1613]
Event: 6.405 Thread 0x000000001b5bf800 Implicit null exception at 0x000000000352aa3e to 0x000000000352b731
Event: 6.757 Thread 0x000000001b5cb000 Exception <a 'java/lang/NoSuchMethodError': <clinit>> (0x00000000e24f2940) thrown at [D:\src\AOSP-openjdk-cygwin\jdk8u\hotspot\src\share\vm\prims\jni.cpp, line 1613]

Events (10 events):
Event: 6.746 loading class org/gradle/api/internal/changedetection/rules/CachingTaskStateChanges$CachingVisitor
Event: 6.746 loading class org/gradle/api/internal/changedetection/rules/CachingTaskStateChanges$CachingVisitor done
Event: 6.746 loading class org/gradle/api/internal/changedetection/rules/AbstractNamedFileSnapshotTaskStateChanges$1
Event: 6.746 loading class org/gradle/api/internal/changedetection/rules/AbstractNamedFileSnapshotTaskStateChanges$1 done
Event: 6.767 loading class org/gradle/api/internal/changedetection/state/NullValueSnapshot
Event: 6.767 loading class org/gradle/api/internal/changedetection/state/NullValueSnapshot done
Event: 6.774 Executing VM operation: ForceSafepoint
Event: 6.774 Executing VM operation: ForceSafepoint done
Event: 6.791 loading class org/gradle/api/internal/changedetection/state/mirror/PhysicalMissingSnapshot
Event: 6.791 loading class org/gradle/api/internal/changedetection/state/mirror/PhysicalMissingSnapshot done


Dynamic libraries:
0x00007ff720130000 - 0x00007ff720161000 	C:\Program Files\Android\Android Studio\jre\bin\java.exe
0x00007ffa6c620000 - 0x00007ffa6c7fb000 	C:\WINDOWS\SYSTEM32\ntdll.dll
0x00007ffa39480000 - 0x00007ffa39492000 	C:\Program Files\AVAST Software\Avast\aswhook.dll
0x00007ffa6c110000 - 0x00007ffa6c1be000 	C:\WINDOWS\System32\KERNEL32.DLL
0x00007ffa698d0000 - 0x00007ffa69b1a000 	C:\WINDOWS\System32\KERNELBASE.dll
0x00007ffa6bef0000 - 0x00007ffa6bf91000 	C:\WINDOWS\System32\ADVAPI32.dll
0x00007ffa69c40000 - 0x00007ffa69cdd000 	C:\WINDOWS\System32\msvcrt.dll
0x00007ffa69b80000 - 0x00007ffa69bd9000 	C:\WINDOWS\System32\sechost.dll
0x00007ffa69fc0000 - 0x00007ffa6a0e5000 	C:\WINDOWS\System32\RPCRT4.dll
0x00007ffa69e70000 - 0x00007ffa69fba000 	C:\WINDOWS\System32\USER32.dll
0x00007ffa69810000 - 0x00007ffa6982e000 	C:\WINDOWS\System32\win32u.dll
0x00007ffa6c280000 - 0x00007ffa6c2a7000 	C:\WINDOWS\System32\GDI32.dll
0x00007ffa68bf0000 - 0x00007ffa68d78000 	C:\WINDOWS\System32\gdi32full.dll
0x00007ffa69830000 - 0x00007ffa698ca000 	C:\WINDOWS\System32\msvcp_win.dll
0x00007ffa68d80000 - 0x00007ffa68e76000 	C:\WINDOWS\System32\ucrtbase.dll
0x00007ffa5bc80000 - 0x00007ffa5bee7000 	C:\WINDOWS\WinSxS\amd64_microsoft.windows.common-controls_6595b64144ccf1df_6.0.15063.1155_none_40c7922129a7722b\COMCTL32.dll
0x00007ffa6c320000 - 0x00007ffa6c619000 	C:\WINDOWS\System32\combase.dll
0x00007ffa69050000 - 0x00007ffa690ba000 	C:\WINDOWS\System32\bcryptPrimitives.dll
0x00007ffa6c1c0000 - 0x00007ffa6c1ed000 	C:\WINDOWS\System32\IMM32.DLL
0x000000005a3b0000 - 0x000000005a482000 	C:\Program Files\Android\Android Studio\jre\jre\bin\msvcr100.dll
0x000000005a570000 - 0x000000005adb1000 	C:\Program Files\Android\Android Studio\jre\jre\bin\server\jvm.dll
0x00007ffa69ce0000 - 0x00007ffa69ce8000 	C:\WINDOWS\System32\PSAPI.DLL
0x00007ffa58c00000 - 0x00007ffa58c09000 	C:\WINDOWS\SYSTEM32\WSOCK32.dll
0x00007ffa69e00000 - 0x00007ffa69e6c000 	C:\WINDOWS\System32\WS2_32.dll
0x00007ffa66ed0000 - 0x00007ffa66ef3000 	C:\WINDOWS\SYSTEM32\WINMM.dll
0x00007ffa67d70000 - 0x00007ffa67d7a000 	C:\WINDOWS\SYSTEM32\VERSION.dll
0x00007ffa66dc0000 - 0x00007ffa66deb000 	C:\WINDOWS\SYSTEM32\WINMMBASE.dll
0x00007ffa690c0000 - 0x00007ffa69109000 	C:\WINDOWS\System32\cfgmgr32.dll
0x00007ffa633e0000 - 0x00007ffa633ef000 	C:\Program Files\Android\Android Studio\jre\jre\bin\verify.dll
0x00007ffa61740000 - 0x00007ffa61769000 	C:\Program Files\Android\Android Studio\jre\jre\bin\java.dll
0x00007ffa616b0000 - 0x00007ffa616c6000 	C:\Program Files\Android\Android Studio\jre\jre\bin\zip.dll
0x00007ffa6a560000 - 0x00007ffa6b998000 	C:\WINDOWS\System32\SHELL32.dll
0x00007ffa69d50000 - 0x00007ffa69dfa000 	C:\WINDOWS\System32\shcore.dll
0x00007ffa69110000 - 0x00007ffa69801000 	C:\WINDOWS\System32\windows.storage.dll
0x00007ffa6c2c0000 - 0x00007ffa6c311000 	C:\WINDOWS\System32\shlwapi.dll
0x00007ffa68ab0000 - 0x00007ffa68ac1000 	C:\WINDOWS\System32\kernel.appcore.dll
0x00007ffa68ad0000 - 0x00007ffa68b1c000 	C:\WINDOWS\System32\powrprof.dll
0x00007ffa68a90000 - 0x00007ffa68aa5000 	C:\WINDOWS\System32\profapi.dll
0x00007ffa5ae80000 - 0x00007ffa5ae9a000 	C:\Program Files\Android\Android Studio\jre\jre\bin\net.dll
0x00007ffa683a0000 - 0x00007ffa683fc000 	C:\WINDOWS\system32\mswsock.dll
0x00007ffa5ad20000 - 0x00007ffa5ad31000 	C:\Program Files\Android\Android Studio\jre\jre\bin\nio.dll
0x00007ffa5a790000 - 0x00007ffa5a7ae000 	C:\Users\get951753\.gradle\native\25\windows-amd64\native-platform.dll
0x00007ffa62dc0000 - 0x00007ffa62dcd000 	C:\Program Files\Android\Android Studio\jre\jre\bin\management.dll
0x00007ffa68540000 - 0x00007ffa68557000 	C:\WINDOWS\SYSTEM32\CRYPTSP.dll
0x00007ffa67f60000 - 0x00007ffa67f94000 	C:\WINDOWS\system32\rsaenh.dll
0x00007ffa68650000 - 0x00007ffa68675000 	C:\WINDOWS\SYSTEM32\bcrypt.dll
0x00007ffa68990000 - 0x00007ffa689b9000 	C:\WINDOWS\SYSTEM32\USERENV.dll
0x00007ffa68560000 - 0x00007ffa6856b000 	C:\WINDOWS\SYSTEM32\CRYPTBASE.dll
0x00007ffa680e0000 - 0x00007ffa68117000 	C:\WINDOWS\SYSTEM32\IPHLPAPI.DLL
0x00007ffa6c2b0000 - 0x00007ffa6c2b8000 	C:\WINDOWS\System32\NSI.dll
0x00007ffa63d30000 - 0x00007ffa63d46000 	C:\WINDOWS\SYSTEM32\dhcpcsvc6.DLL
0x00007ffa63d10000 - 0x00007ffa63d2a000 	C:\WINDOWS\SYSTEM32\dhcpcsvc.DLL

VM Arguments:
jvm_args: -Xmx1536m -Dfile.encoding=x-windows-950 -Duser.country=TW -Duser.language=zh -Duser.variant 
java_command: org.gradle.launcher.daemon.bootstrap.GradleDaemon 4.10.1
java_class_path (initial): C:\Users\get951753\.gradle\wrapper\dists\gradle-4.10.1-all\455itskqi2qtf0v2sja68alqd\gradle-4.10.1\lib\gradle-launcher-4.10.1.jar
Launcher Type: SUN_STANDARD

Environment Variables:
PATH=C:\Program Files (x86)\Common Files\Oracle\Java\javapath;C:\Program Files\Python36\Scripts\;C:\Program Files\Python36\;C:\Users\get951753\Desktop\Mix\²H¦¿\²Õ»y\semu;C:\;sers\get951753\Desktop\Mix\²H¦¿\²Õ»y\fasmw172;C:\;rogram Files\Microsoft MPI\Bin\;C:\ProgramData\Oracle\Java\javapath;C:\WINDOWS\system32;C:\WINDOWS;C:\WINDOWS\System32\Wbem;C:\WINDOWS\System32\WindowsPowerShell\v1.0\;C:\Program Files\Microsoft SQL Server\130\Tools\Binn\;C:\Program Files\dotnet\;C:\Program Files (x86)\NVIDIA Corporation\PhysX\Common;C:\Program Files\Git\cmd;C:\Program Files\PuTTY\;c:\Program Files\Git\bin;C:\curl-7.64.0-win64-mingw;C:\WINDOWS\system32\config\systemprofile\.cargo\bin;C:\Program Files\nodejs\;C:\Users\get951753\.cargo\bin;C:\Users\get951753\AppData\Local\Microsoft\WindowsApps;C:\Program Files (x86)\gtk-3.8.1;C:\semu;C:\gtk-runtime;C:\Users\get951753\AppData\Local\GitHubDesktop\bin;C:\Users\get951753\AppData\Roaming\npm
USERNAME=get951753
OS=Windows_NT
PROCESSOR_IDENTIFIER=Intel64 Family 6 Model 58 Stepping 9, GenuineIntel



---------------  S Y S T E M  ---------------

OS: Windows 10.0 , 64 bit Build 15063 (10.0.15063.1058)

CPU:total 8 (initial active 8) (4 cores per cpu, 2 threads per core) family 6 model 58 stepping 9, cmov, cx8, fxsr, mmx, sse, sse2, sse3, ssse3, sse4.1, sse4.2, popcnt, avx, aes, clmul, erms, ht, tsc, tscinvbit, tscinv

Memory: 4k page, physical 16725676k(4015656k free), swap 27652680k(5320k free)

vm_info: OpenJDK 64-Bit Server VM (25.152-b01) for windows-amd64 JRE (1.8.0_152-release-1248-b01), built by "builder" with MS VC++ 10.0 (VS2010)

time: Tue Apr 09 00:25:26 2019
elapsed time: 6 seconds (0d 0h 0m 6s)

